[2025-10-13 08:00:08] 12086 2025
[2025-10-13 08:00:08] Trouble Finding Coach Rating
[2025-10-13 08:00:08] Trouble Finding Coach Rating
[2025-10-13 08:00:08] Trouble Finding Coach Rating
[2025-10-13 08:00:08] Trouble Finding Coach Rating
[2025-10-13 08:00:08] Trouble Finding Coach Rating
[2025-10-13 08:00:08] Trouble Finding Coach Rating
[2025-10-13 08:00:08] Trouble Finding Coach Rating
[2025-10-13 08:00:08] Trouble Finding Coach Rating
[2025-10-13 08:00:08] Trouble Finding Coach Rating
[2025-10-13 08:00:08] Trouble Finding Coach Rating
[2025-10-13 08:00:08] Trouble Finding Coach Rating
[2025-10-13 08:00:08] Trouble Finding Coach Rating
[2025-10-13 08:00:08] Trouble Finding Coach Rating
[2025-10-13 08:00:08] Trouble Finding Coach Rating
[2025-10-13 08:00:08] 12087 2025
[2025-10-13 08:00:08] Trouble Finding Coach Rating
[2025-10-13 08:00:08] Trouble Finding Coach Rating
[2025-10-13 08:00:08] Trouble Finding Coach Rating
[2025-10-13 08:00:08] Trouble Finding Coach Rating
[2025-10-13 08:00:08] Trouble Finding Coach Rating
[2025-10-13 08:00:08] Trouble Finding Coach Rating
[2025-10-13 08:00:08] Trouble Finding Coach Rating
[2025-10-13 08:00:08] Trouble Finding Coach Rating
[2025-10-13 08:00:08] Trouble Finding Coach Rating
[2025-10-13 08:00:08] Trouble Finding Coach Rating
[2025-10-13 08:00:08] Trouble Finding Coach Rating
[2025-10-13 08:00:08] Trouble Finding Coach Rating
[2025-10-13 08:00:08] Trouble Finding Coach Rating
[2025-10-13 08:00:08] Trouble Finding Coach Rating
[2025-10-13 08:00:08] 12088 2025
[2025-10-13 08:00:08] Trouble Finding Coach Rating
[2025-10-13 08:00:08] Trouble Finding Coach Rating
[2025-10-13 08:00:08] Trouble Finding Coach Rating
[2025-10-13 08:00:08] Trouble Finding Coach Rating
[2025-10-13 08:00:08] Trouble Finding Coach Rating
[2025-10-13 08:00:08] Trouble Finding Coach Rating
[2025-10-13 08:00:08] Trouble Finding Coach Rating
[2025-10-13 08:00:08] Trouble Finding Coach Rating
[2025-10-13 08:00:08] Trouble Finding Coach Rating
[2025-10-13 08:00:08] Trouble Finding Coach Rating
[2025-10-13 08:00:08] Trouble Finding Coach Rating
[2025-10-13 08:00:08] Trouble Finding Coach Rating
[2025-10-13 08:00:08] Trouble Finding Coach Rating
[2025-10-13 08:00:08] Trouble Finding Coach Rating
[2025-10-13 08:00:08] 12089 2025
[2025-10-13 08:00:08] Trouble Finding Coach Rating
[2025-10-13 08:00:08] Trouble Finding Coach Rating
[2025-10-13 08:00:08] Trouble Finding Coach Rating
[2025-10-13 08:00:08] Trouble Finding Coach Rating
[2025-10-13 08:00:08] Trouble Finding Coach Rating
[2025-10-13 08:00:08] Trouble Finding Coach Rating
[2025-10-13 08:00:08] Trouble Finding Coach Rating
[2025-10-13 08:00:08] Trouble Finding Coach Rating
[2025-10-13 08:00:08] Trouble Finding Coach Rating
[2025-10-13 08:00:08] Trouble Finding Coach Rating
[2025-10-13 08:00:08] Trouble Finding Coach Rating
[2025-10-13 08:00:08] Trouble Finding Coach Rating
[2025-10-13 08:00:08] Trouble Finding Coach Rating
[2025-10-13 08:00:08] Trouble Finding Coach Rating
[2025-10-13 08:00:08] 12090 2025
[2025-10-13 08:00:08] Trouble Finding Coach Rating
[2025-10-13 08:00:08] Trouble Finding Coach Rating
[2025-10-13 08:00:08] Trouble Finding Coach Rating
[2025-10-13 08:00:08] Trouble Finding Coach Rating
[2025-10-13 08:00:08] Trouble Finding Coach Rating
[2025-10-13 08:00:08] Trouble Finding Coach Rating
[2025-10-13 08:00:08] Trouble Finding Coach Rating
[2025-10-13 08:00:08] Trouble Finding Coach Rating
[2025-10-13 08:00:08] Trouble Finding Coach Rating
[2025-10-13 08:00:08] Trouble Finding Coach Rating
[2025-10-13 08:00:08] Trouble Finding Coach Rating
[2025-10-13 08:00:08] Trouble Finding Coach Rating
[2025-10-13 08:00:08] Trouble Finding Coach Rating
[2025-10-13 08:00:08] Trouble Finding Coach Rating
[2025-10-13 08:00:08] 12091 2025
[2025-10-13 08:00:08] Trouble Finding Coach Rating
[2025-10-13 08:00:08] Trouble Finding Coach Rating
[2025-10-13 08:00:08] Trouble Finding Coach Rating
[2025-10-13 08:00:08] Trouble Finding Coach Rating
[2025-10-13 08:00:08] Trouble Finding Coach Rating
[2025-10-13 08:00:08] Trouble Finding Coach Rating
[2025-10-13 08:00:08] Trouble Finding Coach Rating
[2025-10-13 08:00:08] Trouble Finding Coach Rating
[2025-10-13 08:00:08] Trouble Finding Coach Rating
[2025-10-13 08:00:08] Trouble Finding Coach Rating
[2025-10-13 08:00:08] Trouble Finding Coach Rating
[2025-10-13 08:00:08] Trouble Finding Coach Rating
[2025-10-13 08:00:08] Trouble Finding Coach Rating
[2025-10-13 08:00:08] Trouble Finding Coach Rating
[2025-10-13 08:00:08] 12092 2025
[2025-10-13 08:00:08] Trouble Finding Coach Rating
[2025-10-13 08:00:08] Trouble Finding Coach Rating
[2025-10-13 08:00:08] Trouble Finding Coach Rating
[2025-10-13 08:00:08] Trouble Finding Coach Rating
[2025-10-13 08:00:08] Trouble Finding Coach Rating
[2025-10-13 08:00:08] Trouble Finding Coach Rating
[2025-10-13 08:00:08] Trouble Finding Coach Rating
[2025-10-13 08:00:08] Trouble Finding Coach Rating
[2025-10-13 08:00:08] Trouble Finding Coach Rating
[2025-10-13 08:00:08] Trouble Finding Coach Rating
[2025-10-13 08:00:08] Trouble Finding Coach Rating
[2025-10-13 08:00:08] Trouble Finding Coach Rating
[2025-10-13 08:00:08] Trouble Finding Coach Rating
[2025-10-13 08:00:08] Trouble Finding Coach Rating
[2025-10-13 08:00:08] 12093 2025
[2025-10-13 08:00:08] Trouble Finding Coach Rating
[2025-10-13 08:00:08] Trouble Finding Coach Rating
[2025-10-13 08:00:08] Trouble Finding Coach Rating
[2025-10-13 08:00:08] Trouble Finding Coach Rating
[2025-10-13 08:00:08] Trouble Finding Coach Rating
[2025-10-13 08:00:08] Trouble Finding Coach Rating
[2025-10-13 08:00:08] Trouble Finding Coach Rating
[2025-10-13 08:00:08] Trouble Finding Coach Rating
[2025-10-13 08:00:08] Trouble Finding Coach Rating
[2025-10-13 08:00:08] Trouble Finding Coach Rating
[2025-10-13 08:00:08] Trouble Finding Coach Rating
[2025-10-13 08:00:08] Trouble Finding Coach Rating
[2025-10-13 08:00:08] Trouble Finding Coach Rating
[2025-10-13 08:00:08] Trouble Finding Coach Rating
[2025-10-13 08:00:08] 12095 2025
[2025-10-13 08:00:08] Trouble Finding Coach Rating
[2025-10-13 08:00:08] Trouble Finding Coach Rating
[2025-10-13 08:00:08] Trouble Finding Coach Rating
[2025-10-13 08:00:08] Trouble Finding Coach Rating
[2025-10-13 08:00:08] Trouble Finding Coach Rating
[2025-10-13 08:00:08] Trouble Finding Coach Rating
[2025-10-13 08:00:08] Trouble Finding Coach Rating
[2025-10-13 08:00:08] Trouble Finding Coach Rating
[2025-10-13 08:00:08] Trouble Finding Coach Rating
[2025-10-13 08:00:08] Trouble Finding Coach Rating
[2025-10-13 08:00:08] Trouble Finding Coach Rating
[2025-10-13 08:00:08] Trouble Finding Coach Rating
[2025-10-13 08:00:08] Trouble Finding Coach Rating
[2025-10-13 08:00:08] Trouble Finding Coach Rating
[2025-10-13 08:00:08] 12096 2025
[2025-10-13 08:00:08] Trouble Finding Coach Rating
[2025-10-13 08:00:08] Trouble Finding Coach Rating
[2025-10-13 08:00:08] Trouble Finding Coach Rating
[2025-10-13 08:00:08] Trouble Finding Coach Rating
[2025-10-13 08:00:08] Trouble Finding Coach Rating
[2025-10-13 08:00:08] Trouble Finding Coach Rating
[2025-10-13 08:00:08] Trouble Finding Coach Rating
[2025-10-13 08:00:08] Trouble Finding Coach Rating
[2025-10-13 08:00:08] Trouble Finding Coach Rating
[2025-10-13 08:00:08] Trouble Finding Coach Rating
[2025-10-13 08:00:08] Trouble Finding Coach Rating
[2025-10-13 08:00:08] Trouble Finding Coach Rating
[2025-10-13 08:00:08] Trouble Finding Coach Rating
[2025-10-13 08:00:08] Trouble Finding Coach Rating
[2025-10-13 08:00:08] 12097 2025
[2025-10-13 08:00:08] Trouble Finding Coach Rating
[2025-10-13 08:00:08] Trouble Finding Coach Rating
[2025-10-13 08:00:08] Trouble Finding Coach Rating
[2025-10-13 08:00:08] Trouble Finding Coach Rating
[2025-10-13 08:00:08] Trouble Finding Coach Rating
[2025-10-13 08:00:08] Trouble Finding Coach Rating
[2025-10-13 08:00:08] Trouble Finding Coach Rating
[2025-10-13 08:00:08] Trouble Finding Coach Rating
[2025-10-13 08:00:08] Trouble Finding Coach Rating
[2025-10-13 08:00:08] Trouble Finding Coach Rating
[2025-10-13 08:00:08] Trouble Finding Coach Rating
[2025-10-13 08:00:08] Trouble Finding Coach Rating
[2025-10-13 08:00:08] Trouble Finding Coach Rating
[2025-10-13 08:00:08] Trouble Finding Coach Rating
[2025-10-13 08:00:08] 12098 2025
[2025-10-13 08:00:08] Trouble Finding Coach Rating
[2025-10-13 08:00:08] Trouble Finding Coach Rating
[2025-10-13 08:00:08] Trouble Finding Coach Rating
[2025-10-13 08:00:08] Trouble Finding Coach Rating
[2025-10-13 08:00:08] Trouble Finding Coach Rating
[2025-10-13 08:00:08] Trouble Finding Coach Rating
[2025-10-13 08:00:08] Trouble Finding Coach Rating
[2025-10-13 08:00:08] Trouble Finding Coach Rating
[2025-10-13 08:00:08] Trouble Finding Coach Rating
[2025-10-13 08:00:08] Trouble Finding Coach Rating
[2025-10-13 08:00:08] Trouble Finding Coach Rating
[2025-10-13 08:00:08] Trouble Finding Coach Rating
[2025-10-13 08:00:08] Trouble Finding Coach Rating
[2025-10-13 08:00:08] Trouble Finding Coach Rating
[2025-10-13 08:00:08] 12099 2025
[2025-10-13 08:00:08] Trouble Finding Coach Rating
[2025-10-13 08:00:08] Trouble Finding Coach Rating
[2025-10-13 08:00:08] Trouble Finding Coach Rating
[2025-10-13 08:00:08] Trouble Finding Coach Rating
[2025-10-13 08:00:08] Trouble Finding Coach Rating
[2025-10-13 08:00:08] Trouble Finding Coach Rating
[2025-10-13 08:00:08] Trouble Finding Coach Rating
[2025-10-13 08:00:08] Trouble Finding Coach Rating
[2025-10-13 08:00:08] Trouble Finding Coach Rating
[2025-10-13 08:00:08] Trouble Finding Coach Rating
[2025-10-13 08:00:08] Trouble Finding Coach Rating
[2025-10-13 08:00:08] Trouble Finding Coach Rating
[2025-10-13 08:00:08] Trouble Finding Coach Rating
[2025-10-13 08:00:08] Trouble Finding Coach Rating
[2025-10-13 08:00:08] 12100 2025
[2025-10-13 08:00:08] Trouble Finding Coach Rating
[2025-10-13 08:00:08] Trouble Finding Coach Rating
[2025-10-13 08:00:08] Trouble Finding Coach Rating
[2025-10-13 08:00:08] Trouble Finding Coach Rating
[2025-10-13 08:00:08] Trouble Finding Coach Rating
[2025-10-13 08:00:08] Trouble Finding Coach Rating
[2025-10-13 08:00:08] Trouble Finding Coach Rating
[2025-10-13 08:00:08] Trouble Finding Coach Rating
[2025-10-13 08:00:08] Trouble Finding Coach Rating
[2025-10-13 08:00:08] Trouble Finding Coach Rating
[2025-10-13 08:00:08] Trouble Finding Coach Rating
[2025-10-13 08:00:08] Trouble Finding Coach Rating
[2025-10-13 08:00:08] Trouble Finding Coach Rating
[2025-10-13 08:00:08] Trouble Finding Coach Rating
[2025-10-13 08:00:08] 12101 2025
[2025-10-13 08:00:08] Trouble Finding Coach Rating
[2025-10-13 08:00:08] Trouble Finding Coach Rating
[2025-10-13 08:00:08] Trouble Finding Coach Rating
[2025-10-13 08:00:08] Trouble Finding Coach Rating
[2025-10-13 08:00:08] Trouble Finding Coach Rating
[2025-10-13 08:00:08] Trouble Finding Coach Rating
[2025-10-13 08:00:08] Trouble Finding Coach Rating
[2025-10-13 08:00:08] Trouble Finding Coach Rating
[2025-10-13 08:00:08] Trouble Finding Coach Rating
[2025-10-13 08:00:08] Trouble Finding Coach Rating
[2025-10-13 08:00:08] Trouble Finding Coach Rating
[2025-10-13 08:00:08] Trouble Finding Coach Rating
[2025-10-13 08:00:08] Trouble Finding Coach Rating
[2025-10-13 08:00:08] Trouble Finding Coach Rating
[2025-10-13 08:00:08] UpdateTables Complete!
[2025-10-13 08:00:11] 2025 1
[2025-10-13 08:00:11] Getting Scores for Gretzky 2025 Week 1
[2025-10-13 08:00:11] Week 1 does not have final results. Skipping.
[2025-10-13 08:00:11] Getting Scores for Brodeur 2025 Week 1
[2025-10-13 08:00:11] Week 1 does not have final results. Skipping.
[2025-10-13 08:00:11] Getting Scores for Roy 2025 Week 1
[2025-10-13 08:00:11] Week 1 does not have final results. Skipping.
[2025-10-13 08:00:11] Getting Scores for Messier 2025 Week 1
[2025-10-13 08:00:11] Week 1 does not have final results. Skipping.
[2025-10-13 08:00:11] Getting Scores for Yzerman 2025 Week 1
[2025-10-13 08:00:11] Week 1 does not have final results. Skipping.
[2025-10-13 08:00:11] Getting Scores for Jagr 2025 Week 1
[2025-10-13 08:00:11] Week 1 does not have final results. Skipping.
[2025-10-13 08:00:11] Getting Scores for Coffey 2025 Week 1
[2025-10-13 08:00:11] Week 1 does not have final results. Skipping.
[2025-10-13 08:00:11] Getting Scores for Leetch 2025 Week 1
[2025-10-13 08:00:11] Week 1 does not have final results. Skipping.
[2025-10-13 08:00:11] Getting Scores for Bourque 2025 Week 1
[2025-10-13 08:00:11] Week 1 does not have final results. Skipping.
[2025-10-13 08:00:11] Getting Scores for Orr 2025 Week 1
[2025-10-13 08:00:11] Week 1 does not have final results. Skipping.
[2025-10-13 08:00:11] Getting Scores for Williams 2025 Week 1
[2025-10-13 08:00:11] Week 1 does not have final results. Skipping.
[2025-10-13 08:00:11] Getting Scores for Hunter 2025 Week 1
[2025-10-13 08:00:11] Week 1 does not have final results. Skipping.
[2025-10-13 08:00:11] Getting Scores for Domi 2025 Week 1
[2025-10-13 08:00:11] Week 1 does not have final results. Skipping.
[2025-10-13 08:00:11] Getting Scores for McSorley 2025 Week 1
[2025-10-13 08:00:11] Week 1 does not have final results. Skipping.
[2025-10-13 08:00:11] Getting Scores for Probert 2025 Week 1
[2025-10-13 08:00:11] Week 1 does not have final results. Skipping.
[2025-10-13 08:00:11] PullDailyScores Complete!
[2025-10-13 08:00:11] Traceback (most recent call last):
[2025-10-13 08:00:11]   File "/var/www/OldTimeHockey/scripts/RedditBot/RedditPostBot.py", line 3, in <module>
[2025-10-13 08:00:11]     import praw
[2025-10-13 08:00:11] ModuleNotFoundError: No module named 'praw'
[2025-10-13 08:00:11] Reddit Post Complete!
[2025-10-13 08:00:11] WeekVars Incremented!
[2025-10-13 08:00:12] fatal: detected dubious ownership in repository at '/var/www/OldTimeHockey'
[2025-10-13 08:00:12] To add an exception for this directory, call:
[2025-10-13 08:00:12] 
[2025-10-13 08:00:12] 	git config --global --add safe.directory /var/www/OldTimeHockey
[2025-10-13 08:00:12] fatal: detected dubious ownership in repository at '/var/www/OldTimeHockey'
[2025-10-13 08:00:12] To add an exception for this directory, call:
[2025-10-13 08:00:12] 
[2025-10-13 08:00:12] 	git config --global --add safe.directory /var/www/OldTimeHockey
[2025-10-13 08:00:12] fatal: detected dubious ownership in repository at '/var/www/OldTimeHockey'
[2025-10-13 08:00:12] To add an exception for this directory, call:
[2025-10-13 08:00:12] 
[2025-10-13 08:00:12] 	git config --global --add safe.directory /var/www/OldTimeHockey
[2025-10-13 08:00:12] fatal: detected dubious ownership in repository at '/var/www/OldTimeHockey'
[2025-10-13 08:00:12] To add an exception for this directory, call:
[2025-10-13 08:00:12] 
[2025-10-13 08:00:12] 	git config --global --add safe.directory /var/www/OldTimeHockey
[2025-10-13 08:00:12] Backup Complete!
[2025-10-20 08:00:08] 12086 2025
[2025-10-20 08:00:08] 12087 2025
[2025-10-20 08:00:08] 12088 2025
[2025-10-20 08:00:08] 12089 2025
[2025-10-20 08:00:08] 12090 2025
[2025-10-20 08:00:08] 12091 2025
[2025-10-20 08:00:08] 12092 2025
[2025-10-20 08:00:08] 12093 2025
[2025-10-20 08:00:08] 12095 2025
[2025-10-20 08:00:08] 12096 2025
[2025-10-20 08:00:08] 12097 2025
[2025-10-20 08:00:08] 12098 2025
[2025-10-20 08:00:08] 12099 2025
[2025-10-20 08:00:08] 12100 2025
[2025-10-20 08:00:08] 12101 2025
[2025-10-20 08:00:08] UpdateTables Complete!
[2025-10-20 08:00:11] 2025 2
[2025-10-20 08:00:11] Getting Scores for Gretzky 2025 Week 2
[2025-10-20 08:00:11] Week 2 does not have final results. Skipping.
[2025-10-20 08:00:11] Getting Scores for Brodeur 2025 Week 2
[2025-10-20 08:00:11] Week 2 does not have final results. Skipping.
[2025-10-20 08:00:11] Getting Scores for Roy 2025 Week 2
[2025-10-20 08:00:11] Week 2 does not have final results. Skipping.
[2025-10-20 08:00:11] Getting Scores for Messier 2025 Week 2
[2025-10-20 08:00:11] Week 2 does not have final results. Skipping.
[2025-10-20 08:00:11] Getting Scores for Yzerman 2025 Week 2
[2025-10-20 08:00:11] Week 2 does not have final results. Skipping.
[2025-10-20 08:00:11] Getting Scores for Jagr 2025 Week 2
[2025-10-20 08:00:11] Week 2 does not have final results. Skipping.
[2025-10-20 08:00:11] Getting Scores for Coffey 2025 Week 2
[2025-10-20 08:00:11] Week 2 does not have final results. Skipping.
[2025-10-20 08:00:11] Getting Scores for Leetch 2025 Week 2
[2025-10-20 08:00:11] Week 2 does not have final results. Skipping.
[2025-10-20 08:00:11] Getting Scores for Bourque 2025 Week 2
[2025-10-20 08:00:11] Week 2 does not have final results. Skipping.
[2025-10-20 08:00:11] Getting Scores for Orr 2025 Week 2
[2025-10-20 08:00:11] Week 2 does not have final results. Skipping.
[2025-10-20 08:00:11] Getting Scores for Williams 2025 Week 2
[2025-10-20 08:00:11] Week 2 does not have final results. Skipping.
[2025-10-20 08:00:11] Getting Scores for Hunter 2025 Week 2
[2025-10-20 08:00:11] Week 2 does not have final results. Skipping.
[2025-10-20 08:00:11] Getting Scores for Domi 2025 Week 2
[2025-10-20 08:00:11] Week 2 does not have final results. Skipping.
[2025-10-20 08:00:11] Getting Scores for McSorley 2025 Week 2
[2025-10-20 08:00:11] Week 2 does not have final results. Skipping.
[2025-10-20 08:00:11] Getting Scores for Probert 2025 Week 2
[2025-10-20 08:00:11] Week 2 does not have final results. Skipping.
[2025-10-20 08:00:11] PullDailyScores Complete!
[2025-10-20 08:00:11] Traceback (most recent call last):
[2025-10-20 08:00:11]   File "/var/www/OldTimeHockey/scripts/RedditBot/RedditPostBot.py", line 3, in <module>
[2025-10-20 08:00:11]     import praw
[2025-10-20 08:00:11] ModuleNotFoundError: No module named 'praw'
[2025-10-20 08:00:11] Reddit Post Complete!
[2025-10-20 08:00:11] WeekVars Incremented!
[2025-10-20 08:00:11] fatal: detected dubious ownership in repository at '/var/www/OldTimeHockey'
[2025-10-20 08:00:11] To add an exception for this directory, call:
[2025-10-20 08:00:11] 
[2025-10-20 08:00:11] 	git config --global --add safe.directory /var/www/OldTimeHockey
[2025-10-20 08:00:11] fatal: detected dubious ownership in repository at '/var/www/OldTimeHockey'
[2025-10-20 08:00:11] To add an exception for this directory, call:
[2025-10-20 08:00:11] 
[2025-10-20 08:00:11] 	git config --global --add safe.directory /var/www/OldTimeHockey
[2025-10-20 08:00:11] fatal: detected dubious ownership in repository at '/var/www/OldTimeHockey'
[2025-10-20 08:00:11] To add an exception for this directory, call:
[2025-10-20 08:00:11] 
[2025-10-20 08:00:11] 	git config --global --add safe.directory /var/www/OldTimeHockey
[2025-10-20 08:00:11] fatal: detected dubious ownership in repository at '/var/www/OldTimeHockey'
[2025-10-20 08:00:11] To add an exception for this directory, call:
[2025-10-20 08:00:11] 
[2025-10-20 08:00:11] 	git config --global --add safe.directory /var/www/OldTimeHockey
[2025-10-20 08:00:11] Backup Complete!
[2025-10-27 08:00:09] 12086 2025
[2025-10-27 08:00:09] 12087 2025
[2025-10-27 08:00:09] 12088 2025
[2025-10-27 08:00:09] 12089 2025
[2025-10-27 08:00:09] 12090 2025
[2025-10-27 08:00:09] 12091 2025
[2025-10-27 08:00:09] 12092 2025
[2025-10-27 08:00:09] 12093 2025
[2025-10-27 08:00:09] 12095 2025
[2025-10-27 08:00:09] 12096 2025
[2025-10-27 08:00:09] 12097 2025
[2025-10-27 08:00:09] 12098 2025
[2025-10-27 08:00:09] 12099 2025
[2025-10-27 08:00:09] 12100 2025
[2025-10-27 08:00:09] 12101 2025
[2025-10-27 08:00:09] UpdateTables Complete!
[2025-10-27 08:00:12] 2025 3
[2025-10-27 08:00:12] Getting Scores for Gretzky 2025 Week 3
[2025-10-27 08:00:12] Week 3 does not have final results. Skipping.
[2025-10-27 08:00:12] Getting Scores for Brodeur 2025 Week 3
[2025-10-27 08:00:12] Week 3 does not have final results. Skipping.
[2025-10-27 08:00:12] Getting Scores for Roy 2025 Week 3
[2025-10-27 08:00:12] Week 3 does not have final results. Skipping.
[2025-10-27 08:00:12] Getting Scores for Messier 2025 Week 3
[2025-10-27 08:00:12] Week 3 does not have final results. Skipping.
[2025-10-27 08:00:12] Getting Scores for Yzerman 2025 Week 3
[2025-10-27 08:00:12] Week 3 does not have final results. Skipping.
[2025-10-27 08:00:12] Getting Scores for Jagr 2025 Week 3
[2025-10-27 08:00:12] Week 3 does not have final results. Skipping.
[2025-10-27 08:00:12] Getting Scores for Coffey 2025 Week 3
[2025-10-27 08:00:12] Week 3 does not have final results. Skipping.
[2025-10-27 08:00:12] Getting Scores for Leetch 2025 Week 3
[2025-10-27 08:00:12] Week 3 does not have final results. Skipping.
[2025-10-27 08:00:12] Getting Scores for Bourque 2025 Week 3
[2025-10-27 08:00:12] Week 3 does not have final results. Skipping.
[2025-10-27 08:00:12] Getting Scores for Orr 2025 Week 3
[2025-10-27 08:00:12] Week 3 does not have final results. Skipping.
[2025-10-27 08:00:12] Getting Scores for Williams 2025 Week 3
[2025-10-27 08:00:12] Week 3 does not have final results. Skipping.
[2025-10-27 08:00:12] Getting Scores for Hunter 2025 Week 3
[2025-10-27 08:00:12] Week 3 does not have final results. Skipping.
[2025-10-27 08:00:12] Getting Scores for Domi 2025 Week 3
[2025-10-27 08:00:12] Week 3 does not have final results. Skipping.
[2025-10-27 08:00:12] Getting Scores for McSorley 2025 Week 3
[2025-10-27 08:00:12] Week 3 does not have final results. Skipping.
[2025-10-27 08:00:12] Getting Scores for Probert 2025 Week 3
[2025-10-27 08:00:12] Week 3 does not have final results. Skipping.
[2025-10-27 08:00:12] PullDailyScores Complete!
[2025-10-27 08:00:12] Traceback (most recent call last):
[2025-10-27 08:00:12]   File "/var/www/OldTimeHockey/scripts/RedditBot/RedditPostBot.py", line 3, in <module>
[2025-10-27 08:00:12]     import praw
[2025-10-27 08:00:12] ModuleNotFoundError: No module named 'praw'
[2025-10-27 08:00:12] Reddit Post Complete!
[2025-10-27 08:00:12] WeekVars Incremented!
[2025-10-27 08:00:13] fatal: detected dubious ownership in repository at '/var/www/OldTimeHockey'
[2025-10-27 08:00:13] To add an exception for this directory, call:
[2025-10-27 08:00:13] 
[2025-10-27 08:00:13] 	git config --global --add safe.directory /var/www/OldTimeHockey
[2025-10-27 08:00:13] fatal: detected dubious ownership in repository at '/var/www/OldTimeHockey'
[2025-10-27 08:00:13] To add an exception for this directory, call:
[2025-10-27 08:00:13] 
[2025-10-27 08:00:13] 	git config --global --add safe.directory /var/www/OldTimeHockey
[2025-10-27 08:00:13] fatal: detected dubious ownership in repository at '/var/www/OldTimeHockey'
[2025-10-27 08:00:13] To add an exception for this directory, call:
[2025-10-27 08:00:13] 
[2025-10-27 08:00:13] 	git config --global --add safe.directory /var/www/OldTimeHockey
[2025-10-27 08:00:13] fatal: detected dubious ownership in repository at '/var/www/OldTimeHockey'
[2025-10-27 08:00:13] To add an exception for this directory, call:
[2025-10-27 08:00:13] 
[2025-10-27 08:00:13] 	git config --global --add safe.directory /var/www/OldTimeHockey
[2025-10-27 08:00:13] Backup Complete!
