2021-01-16 18:26:55,087 INFO Shared.py 19 Debug initialized.
2021-01-16 18:32:06,738 INFO Shared.py 19 Debug cog initialized.
2021-01-16 18:32:09,486 INFO DiscordBot_v2.py 54 Bot started.
2021-01-16 18:32:26,726 INFO Shared.py 19 Debug cog initialized.
2021-01-16 18:32:29,427 INFO DiscordBot_v2.py 54 Bot started.
2021-01-16 18:33:35,914 INFO Shared.py 19 Debug cog initialized.
2021-01-16 18:33:38,526 INFO DiscordBot_v2.py 54 Bot started.
2021-01-16 18:39:44,360 INFO Shared.py 19 Debug cog initialized.
2021-01-16 18:39:47,020 INFO DiscordBot_v2.py 54 Bot started.
2021-01-16 18:41:41,032 INFO Shared.py 19 Debug cog initialized.
2021-01-16 18:41:43,712 INFO DiscordBot_v2.py 54 Bot started.
2021-01-16 18:42:03,836 INFO Shared.py 19 Debug cog initialized.
2021-01-16 18:42:22,204 INFO Shared.py 19 Debug cog initialized.
2021-01-16 18:42:24,846 INFO DiscordBot_v2.py 54 Bot started.
2021-01-16 18:42:56,919 INFO Shared.py 19 Debug cog initialized.
2021-01-16 18:42:59,628 INFO DiscordBot_v2.py 54 Bot started.
2021-01-16 18:43:13,230 INFO Shared.py 19 Debug cog initialized.
2021-01-16 18:43:15,903 INFO DiscordBot_v2.py 54 Bot started.
2021-01-16 18:43:40,821 INFO Shared.py 19 Debug cog initialized.
2021-01-16 18:43:43,529 INFO DiscordBot_v2.py 54 Bot started.
2021-01-16 18:44:14,503 INFO Shared.py 19 Debug cog initialized.
2021-01-16 18:44:17,180 INFO DiscordBot_v2.py 54 Bot started.
2021-01-16 18:44:52,184 INFO Shared.py 19 Debug cog initialized.
2021-01-16 18:44:54,789 INFO DiscordBot_v2.py 54 Bot started.
2021-01-16 18:45:14,954 INFO Shared.py 19 Debug cog initialized.
2021-01-16 18:45:17,753 INFO DiscordBot_v2.py 54 Bot started.
2021-01-16 18:46:12,114 INFO Shared.py 19 Debug cog initialized.
2021-01-16 18:46:19,451 INFO Shared.py 19 Debug cog initialized.
2021-01-16 18:49:01,471 INFO Shared.py 19 Debug cog initialized.
2021-01-16 18:49:04,228 INFO DiscordBot_v2.py 54 Bot started.
2021-01-16 18:49:55,320 INFO Shared.py 19 Debug cog initialized.
2021-01-16 18:49:57,921 INFO DiscordBot_v2.py 54 Bot started.
2021-01-16 18:55:19,491 INFO Shared.py 19 Debug cog initialized.
2021-01-16 18:55:29,543 INFO Shared.py 19 Debug cog initialized.
2021-01-16 18:55:32,213 INFO DiscordBot_v2.py 54 Bot started.
2021-01-16 18:56:14,916 INFO Shared.py 19 Debug cog initialized.
2021-01-16 18:56:17,600 INFO DiscordBot_v2.py 54 Bot started.
2021-01-16 18:56:32,415 INFO Shared.py 19 Debug cog initialized.
2021-01-16 18:56:35,159 INFO DiscordBot_v2.py 54 Bot started.
2021-01-16 19:00:44,371 INFO Shared.py 19 Debug cog initialized.
2021-01-16 19:00:47,180 INFO DiscordBot_v2.py 70 Bot started.
2021-01-16 19:04:18,690 INFO Shared.py 19 Debug cog initialized.
2021-01-16 19:04:21,386 INFO DiscordBot_v2.py 70 Bot started.
2021-01-16 19:07:44,028 INFO Shared.py 19 Debug cog initialized.
2021-01-16 19:07:46,655 INFO DiscordBot_v2.py 70 Bot started.
2021-01-16 19:10:43,309 INFO Shared.py 19 Debug cog initialized.
2021-01-16 19:10:45,938 INFO DiscordBot_v2.py 70 Bot started.
2021-01-16 19:13:55,924 INFO Shared.py 19 Debug cog initialized.
2021-01-16 19:13:58,765 INFO DiscordBot_v2.py 70 Bot started.
2021-01-16 19:15:49,713 INFO Shared.py 19 Debug cog initialized.
2021-01-16 19:15:52,435 INFO DiscordBot_v2.py 70 Bot started.
2021-01-16 19:17:15,776 INFO Shared.py 19 Debug cog initialized.
2021-01-16 19:17:18,412 INFO DiscordBot_v2.py 70 Bot started.
2021-01-16 19:17:37,115 INFO Shared.py 19 Debug cog initialized.
2021-01-16 19:17:39,862 INFO DiscordBot_v2.py 70 Bot started.
2021-01-16 19:20:33,824 INFO Shared.py 19 Debug cog initialized.
2021-01-16 19:20:36,525 INFO DiscordBot_v2.py 54 Bot started.
2021-01-16 19:38:54,967 INFO Shared.py 19 Debug cog initialized.
2021-01-16 19:38:57,683 INFO DiscordBot_v2.py 54 Bot started.
2021-01-16 19:39:29,693 INFO Shared.py 19 Debug cog initialized.
2021-01-16 19:39:32,336 INFO DiscordBot_v2.py 54 Bot started.
2021-01-16 19:41:15,821 INFO Shared.py 19 Debug cog initialized.
2021-01-16 19:41:18,568 INFO DiscordBot_v2.py 54 Bot started.
2021-01-17 21:46:44,794 INFO Shared.py 19 Debug cog initialized.
2021-01-17 21:46:47,430 INFO DiscordBot_v2.py 55 Bot started.
2021-01-17 21:47:44,049 INFO Shared.py 19 Debug cog initialized.
2021-01-17 21:47:46,665 INFO DiscordBot_v2.py 55 Bot started.
2021-01-17 21:49:10,664 INFO Shared.py 19 Debug cog initialized.
2021-01-17 21:49:13,352 INFO DiscordBot_v2.py 55 Bot started.
2021-01-17 21:50:42,308 INFO Shared.py 19 Debug cog initialized.
2021-01-17 21:50:45,085 INFO DiscordBot_v2.py 55 Bot started.
2021-01-17 21:50:46,885 INFO Shared.py 19 Debug cog initialized.
2021-01-17 21:50:47,021 INFO Debug.py 83 Reloaded Cogs.Debug.
2021-01-17 21:52:11,254 INFO Shared.py 19 Debug cog initialized.
2021-01-17 21:52:13,918 INFO DiscordBot_v2.py 55 Bot started.
2021-01-17 21:52:41,663 INFO Shared.py 19 Debug cog initialized.
2021-01-17 21:52:41,842 INFO Debug.py 84 Reloaded Cogs.Debug.
2021-01-17 21:52:43,896 CRITICAL Debug.py 90 Failed to reload cog: Command raised an exception: ExtensionNotLoaded: Extension 'Cogs.stuff' has not been loaded.
2021-01-17 21:52:44,046 ERROR Debug.py 96 Command raised an exception: ExtensionNotLoaded: Extension 'Cogs.stuff' has not been loaded.
2021-01-18 02:04:54,373 INFO Shared.py 28 Debug cog initialized.
2021-01-18 02:05:14,115 INFO Shared.py 28 Debug cog initialized.
2021-01-18 02:05:29,527 INFO Shared.py 28 Debug cog initialized.
2021-01-18 02:05:32,347 INFO DiscordBot_v2.py 55 Bot started.
2021-01-18 02:05:48,203 ERROR Shared.py 34 Command raised an exception: NameError: name 'check_trades' is not defined
2021-01-18 02:06:03,374 ERROR Shared.py 34 Command raised an exception: NameError: name 'check_trades' is not defined
2021-01-18 02:07:12,470 INFO Shared.py 30 Debug cog initialized.
2021-01-18 02:07:15,161 INFO DiscordBot_v2.py 55 Bot started.
2021-01-18 02:07:19,280 INFO Shared.py 28 Debug cog initialized.
2021-01-18 02:07:21,891 INFO DiscordBot_v2.py 55 Bot started.
2021-01-18 02:07:23,296 ERROR Shared.py 34 Command raised an exception: NameError: name 'check_trades' is not defined
2021-01-18 02:07:30,456 INFO Debug.py 82 Reloaded Cogs.OTH.
2021-01-18 02:09:20,049 INFO Shared.py 28 Debug cog initialized.
2021-01-18 02:09:45,111 INFO Shared.py 28 Debug cog initialized.
2021-01-18 02:09:47,758 INFO DiscordBot_v2.py 55 Bot started.
2021-01-18 02:09:58,272 ERROR Shared.py 34 Command raised an exception: NameError: name 'check_trades' is not defined
2021-01-18 02:11:00,814 INFO Shared.py 28 Debug cog initialized.
2021-01-18 02:11:03,503 INFO DiscordBot_v2.py 55 Bot started.
2021-01-18 02:11:05,836 ERROR Shared.py 34 Command raised an exception: NameError: name 'check_trades' is not defined
2021-01-18 02:11:21,144 INFO Shared.py 28 Debug cog initialized.
2021-01-18 02:11:23,747 INFO DiscordBot_v2.py 55 Bot started.
2021-01-18 02:11:26,077 ERROR Shared.py 34 Command raised an exception: NameError: name 'check_trades' is not defined
2021-01-18 02:11:37,612 INFO Shared.py 28 Debug cog initialized.
2021-01-18 02:11:40,261 INFO DiscordBot_v2.py 55 Bot started.
2021-01-18 02:11:42,297 ERROR Shared.py 34 Command raised an exception: TypeError: check_trades() takes 0 positional arguments but 1 was given
2021-01-18 02:14:44,747 INFO Shared.py 28 Debug cog initialized.
2021-01-18 02:14:47,477 INFO DiscordBot_v2.py 55 Bot started.
2021-01-18 02:14:51,328 ERROR Shared.py 34 Command raised an exception: TypeError: check_trades() takes 0 positional arguments but 1 was given
2021-01-18 02:15:40,429 INFO Shared.py 28 Debug cog initialized.
2021-01-18 02:15:43,096 ERROR Shared.py 34 Command raised an exception: TypeError: check_trades() takes 0 positional arguments but 1 was given
2021-01-18 02:15:43,161 INFO DiscordBot_v2.py 55 Bot started.
2021-01-18 02:16:07,252 INFO Shared.py 28 Debug cog initialized.
2021-01-18 02:16:09,669 ERROR Shared.py 34 Command raised an exception: FileNotFoundError: [Errno 2] No such file or directory: 'posted_trades.txt'
2021-01-18 02:16:09,888 INFO DiscordBot_v2.py 55 Bot started.
2021-01-18 02:18:02,736 INFO Shared.py 28 Debug cog initialized.
2021-01-18 02:18:05,450 INFO DiscordBot_v2.py 55 Bot started.
2021-01-18 02:18:06,333 ERROR Shared.py 34 Command raised an exception: FileNotFoundError: [Errno 2] No such file or directory: '../../posted_trades.txt'
2021-01-18 02:18:21,319 INFO Shared.py 28 Debug cog initialized.
2021-01-18 02:18:24,004 INFO DiscordBot_v2.py 55 Bot started.
2021-01-18 02:18:25,872 ERROR Shared.py 34 Command raised an exception: TypeError: object NoneType can't be used in 'await' expression
2021-01-18 02:26:57,051 INFO Shared.py 29 Debug cog initialized.
2021-01-18 02:26:59,790 INFO DiscordBot_v2.py 55 Bot started.
2021-01-18 02:27:23,558 ERROR Shared.py 35 Command raised an exception: TypeError: object NoneType can't be used in 'await' expression
2021-01-18 02:37:37,857 INFO Shared.py 34 Debug cog initialized.
2021-01-18 02:38:27,554 INFO Shared.py 34 Debug cog initialized.
2021-01-18 02:38:30,184 INFO DiscordBot_v2.py 55 Bot started.
2021-01-18 02:38:36,251 ERROR Shared.py 40 Command raised an exception: TypeError: object NoneType can't be used in 'await' expression
2021-01-18 02:39:09,850 INFO Debug.py 82 Reloaded Cogs.OTH.
2021-01-18 02:39:12,412 ERROR Shared.py 40 Command raised an exception: TypeError: object NoneType can't be used in 'await' expression
2021-01-18 02:39:54,561 INFO Debug.py 82 Reloaded Cogs.OTH.
2021-01-18 02:39:55,888 ERROR Shared.py 40 Command raised an exception: TypeError: object NoneType can't be used in 'await' expression
2021-01-18 02:39:57,880 INFO Shared.py 34 Debug cog initialized.
2021-01-18 02:40:00,480 INFO DiscordBot_v2.py 55 Bot started.
2021-01-18 02:40:02,252 ERROR Shared.py 40 Command raised an exception: TypeError: object NoneType can't be used in 'await' expression
2021-01-18 15:20:05,186 INFO Shared.py 36 Debug cog initialized.
2021-01-18 15:20:07,787 INFO DiscordBot_v2.py 55 Bot started.
2021-01-18 15:20:38,615 ERROR Shared.py 42 Command raised an exception: TypeError: object NoneType can't be used in 'await' expression
2021-01-18 15:21:21,091 INFO Shared.py 36 Debug cog initialized.
2021-01-18 15:21:52,359 INFO Shared.py 36 Debug cog initialized.
2021-01-18 15:21:54,980 INFO DiscordBot_v2.py 55 Bot started.
2021-01-18 15:22:22,036 INFO Debug.py 82 Reloaded Cogs.OTH.
2021-01-18 15:37:23,515 INFO Shared.py 41 Debug cog initialized.
2021-01-18 15:39:41,076 INFO Shared.py 41 Debug cog initialized.
2021-01-18 15:40:13,438 INFO Shared.py 41 Debug cog initialized.
2021-01-18 15:40:26,623 INFO Shared.py 41 Debug cog initialized.
2021-01-18 15:40:34,993 INFO Shared.py 41 Debug cog initialized.
2021-01-18 15:41:40,719 INFO Shared.py 41 Debug cog initialized.
2021-01-18 15:42:13,430 INFO Shared.py 41 Debug cog initialized.
2021-01-18 15:42:15,991 INFO DiscordBot_v2.py 55 Bot started.
2021-01-18 15:42:36,137 INFO Shared.py 41 Debug cog initialized.
2021-01-18 15:42:38,812 INFO DiscordBot_v2.py 55 Bot started.
2021-01-18 15:43:02,172 ERROR Shared.py 47 Command raised an exception: KeyError: 'trades'
2021-01-18 15:43:42,452 INFO Shared.py 41 Debug cog initialized.
2021-01-18 15:43:45,058 INFO DiscordBot_v2.py 55 Bot started.
2021-01-18 15:43:50,105 ERROR Shared.py 47 Command raised an exception: NameError: name 'discord' is not defined
2021-01-18 15:44:03,321 ERROR Shared.py 47 Command raised an exception: NameError: name 'discord' is not defined
2021-01-18 15:44:25,474 INFO Shared.py 41 Debug cog initialized.
2021-01-18 15:44:28,044 INFO DiscordBot_v2.py 55 Bot started.
2021-01-18 15:44:32,155 ERROR Shared.py 47 Command raised an exception: NameError: name 'discord' is not defined
2021-01-18 15:44:50,325 INFO Shared.py 41 Debug cog initialized.
2021-01-18 15:44:52,983 INFO DiscordBot_v2.py 55 Bot started.
2021-01-18 15:44:53,667 ERROR Shared.py 47 Command raised an exception: TypeError: send() takes no keyword arguments
2021-01-18 15:47:40,043 INFO Shared.py 41 Debug cog initialized.
2021-01-18 15:47:42,727 INFO DiscordBot_v2.py 55 Bot started.
2021-01-18 15:47:47,788 ERROR Shared.py 47 Command raised an exception: TypeError: send() takes no keyword arguments
2021-01-18 15:53:21,384 INFO Shared.py 41 Debug cog initialized.
2021-01-18 15:53:23,981 INFO DiscordBot_v2.py 55 Bot started.
2021-01-18 15:53:46,497 INFO Shared.py 41 Debug cog initialized.
2021-01-18 15:54:43,435 INFO Shared.py 41 Debug cog initialized.
2021-01-18 15:54:46,044 INFO DiscordBot_v2.py 55 Bot started.
2021-01-18 15:55:12,946 INFO Shared.py 41 Debug cog initialized.
2021-01-18 15:55:15,674 INFO DiscordBot_v2.py 55 Bot started.
2021-01-18 15:55:16,783 ERROR Shared.py 48 Command raised an exception: AttributeError: 'coroutine' object has no attribute 'to_dict'
2021-01-18 15:56:07,537 INFO Shared.py 41 Debug cog initialized.
2021-01-18 15:56:34,163 INFO Shared.py 41 Debug cog initialized.
2021-01-18 15:56:36,787 INFO DiscordBot_v2.py 55 Bot started.
2021-01-18 15:59:54,796 INFO Shared.py 41 Debug cog initialized.
2021-01-18 15:59:57,864 INFO DiscordBot_v2.py 55 Bot started.
2021-01-18 16:06:11,691 INFO Shared.py 41 Debug cog initialized.
2021-01-18 16:06:14,486 INFO DiscordBot_v2.py 55 Bot started.
2021-01-18 16:06:16,660 ERROR Shared.py 48 Command raised an exception: KeyError: 'name'
2021-01-18 16:07:09,210 INFO Shared.py 41 Debug cog initialized.
2021-01-18 16:07:11,841 INFO DiscordBot_v2.py 55 Bot started.
2021-01-18 16:14:50,500 INFO Shared.py 45 Debug cog initialized.
2021-01-18 16:14:53,196 INFO DiscordBot_v2.py 58 Bot started.
2021-01-18 16:14:55,517 ERROR Shared.py 52 Command raised an exception: TypeError: an integer is required (got type str)
2021-01-18 16:15:15,842 INFO Shared.py 45 Debug cog initialized.
2021-01-18 16:15:18,544 INFO DiscordBot_v2.py 58 Bot started.
2021-01-18 16:15:19,310 ERROR Shared.py 52 Command raised an exception: ValueError: year 52134 is out of range
2021-01-18 16:17:35,563 INFO Debug.py 86 Reloaded Cogs.OTH.
2021-01-18 16:17:37,753 ERROR Shared.py 52 Command raised an exception: TypeError: 'EmbedProxy' object is not callable
2021-01-18 16:18:56,853 INFO Shared.py 45 Debug cog initialized.
2021-01-18 16:18:59,497 INFO DiscordBot_v2.py 58 Bot started.
2021-01-18 16:24:39,174 INFO Shared.py 45 Debug cog initialized.
2021-01-18 16:24:41,836 INFO DiscordBot_v2.py 58 Bot started.
2021-01-18 16:25:49,402 INFO Shared.py 45 Debug cog initialized.
2021-01-18 16:25:52,074 INFO DiscordBot_v2.py 58 Bot started.
2021-01-18 16:27:00,907 INFO Shared.py 45 Debug cog initialized.
2021-01-18 16:27:03,788 INFO DiscordBot_v2.py 58 Bot started.
2021-01-18 16:27:08,121 ERROR Shared.py 52 Command raised an exception: NameError: name 'time_eastern' is not defined
2021-01-18 16:27:38,682 INFO Shared.py 45 Debug cog initialized.
2021-01-18 16:27:41,344 INFO DiscordBot_v2.py 58 Bot started.
2021-01-18 16:27:45,104 ERROR Shared.py 52 Command raised an exception: NameError: name 'time_eastern' is not defined
2021-01-18 16:27:53,633 INFO Debug.py 86 Reloaded Cogs.OTH.
2021-01-18 16:30:42,684 INFO Debug.py 86 Reloaded Cogs.OTH.
2021-01-18 16:30:46,300 ERROR Shared.py 52 Command raised an exception: KeyError: 'trades'
2021-01-18 16:31:34,031 INFO Debug.py 86 Reloaded Cogs.OTH.
2021-01-18 16:32:21,314 INFO Debug.py 86 Reloaded Cogs.OTH.
2021-01-18 16:32:23,711 ERROR Shared.py 52 Command raised an exception: UnboundLocalError: local variable 'trade' referenced before assignment
2021-01-18 16:32:32,818 INFO Debug.py 86 Reloaded Cogs.OTH.
2021-01-18 16:32:34,667 ERROR Shared.py 52 Command "trade" is not found
2021-01-18 16:33:38,491 INFO Shared.py 45 Debug cog initialized.
2021-01-18 16:33:41,109 INFO DiscordBot_v2.py 58 Bot started.
2021-01-18 16:33:54,108 INFO Debug.py 86 Reloaded Cogs.OTH.
2021-01-18 16:36:51,682 INFO Shared.py 45 Debug cog initialized.
2021-01-18 16:36:54,267 ERROR Shared.py 52 Command raised an exception: UnsupportedOperation: not readable
2021-01-18 16:36:54,338 INFO DiscordBot_v2.py 58 Bot started.
2021-01-18 16:39:19,152 INFO Shared.py 45 Debug cog initialized.
2021-01-18 16:39:21,739 INFO DiscordBot_v2.py 58 Bot started.
2021-01-18 16:54:51,141 INFO Shared.py 45 Debug cog initialized.
2021-01-18 16:54:53,890 INFO DiscordBot_v2.py 58 Bot started.
2021-01-18 16:55:01,609 INFO Shared.py 45 Debug cog initialized.
2021-01-18 16:55:04,930 INFO DiscordBot_v2.py 58 Bot started.
2021-01-18 16:57:06,096 INFO Shared.py 45 Debug cog initialized.
2021-01-18 17:02:36,337 INFO Shared.py 45 Debug cog initialized.
2021-01-18 18:58:06,208 INFO Shared.py 45 Debug cog initialized.
2021-01-18 18:58:55,069 INFO Shared.py 45 Debug cog initialized.
2021-01-18 18:59:22,321 INFO Shared.py 45 Debug cog initialized.
2021-01-18 18:59:52,624 INFO Shared.py 45 Debug cog initialized.
2021-01-18 22:13:38,865 INFO Shared.py 45 Debug cog initialized.
2021-01-18 22:15:10,157 INFO Shared.py 45 Debug cog initialized.
2021-01-18 22:24:37,722 INFO Shared.py 45 Debug cog initialized.
2021-01-18 22:26:59,162 INFO Shared.py 45 Debug cog initialized.
2021-01-18 22:27:21,303 INFO Shared.py 45 Debug cog initialized.
2021-01-18 22:28:06,375 INFO Shared.py 45 Debug cog initialized.
2021-01-18 22:28:10,149 INFO Shared.py 45 Debug cog initialized.
2021-01-18 22:28:15,730 INFO Shared.py 45 Debug cog initialized.
2021-01-18 22:34:25,725 INFO Shared.py 45 Debug cog initialized.
2021-01-18 22:36:29,074 INFO Shared.py 45 Debug cog initialized.
2021-01-18 22:37:14,241 INFO Shared.py 45 Debug cog initialized.
2021-01-18 22:38:02,300 INFO Shared.py 45 Debug cog initialized.
2021-01-18 22:48:28,483 INFO Shared.py 45 Debug cog initialized.
2021-01-18 23:11:10,694 INFO Shared.py 46 Debug cog initialized.
2021-01-18 23:12:12,167 INFO Shared.py 46 Debug cog initialized.
2021-01-18 23:15:03,477 INFO Shared.py 46 Debug cog initialized.
2021-01-18 23:15:13,887 INFO Shared.py 46 Debug cog initialized.
2021-01-18 23:18:03,536 INFO Shared.py 46 Debug cog initialized.
2021-01-18 23:19:43,919 INFO Shared.py 46 Debug cog initialized.
2021-01-18 23:20:19,245 INFO Shared.py 46 Debug cog initialized.
2021-01-18 23:21:07,803 INFO Shared.py 46 Debug cog initialized.
2021-01-18 23:24:30,366 INFO Shared.py 46 Debug cog initialized.
2021-01-18 23:29:31,856 INFO Shared.py 50 Debug cog initialized.
2021-01-18 23:39:02,790 INFO Shared.py 50 Debug cog initialized.
2021-01-18 23:39:13,586 ERROR Shared.py 57 user is a required argument that is missing.
2021-01-18 23:39:54,760 INFO Shared.py 50 Debug cog initialized.
2021-01-18 23:40:02,602 ERROR Shared.py 57 Command raised an exception: UserNotFound: sprx97
2021-01-18 23:46:34,320 INFO Shared.py 50 Debug cog initialized.
2021-01-18 23:46:42,417 ERROR Shared.py 57 user is a required argument that is missing.
2021-01-18 23:47:59,836 INFO Shared.py 50 Debug cog initialized.
2021-01-18 23:48:10,204 ERROR Shared.py 57 sprx97
2021-01-18 23:49:44,896 INFO Shared.py 50 Debug cog initialized.
2021-01-18 23:49:55,179 ERROR Shared.py 56 sprx97
2021-01-19 00:06:32,502 INFO Shared.py 50 Debug cog initialized.
2021-01-19 00:06:43,223 ERROR Shared.py 57 user is a required argument that is missing.
2021-01-19 00:06:48,766 ERROR Shared.py 57 Command raised an exception: UnboundLocalError: local variable 'user' referenced before assignment
2021-01-19 00:07:16,264 INFO Shared.py 50 Debug cog initialized.
2021-01-19 00:07:24,065 ERROR Shared.py 57 user is a required argument that is missing.
2021-01-19 00:07:25,589 ERROR Shared.py 57 Command raised an exception: NameError: name 'results' is not defined
2021-01-19 00:07:39,640 INFO Shared.py 50 Debug cog initialized.
2021-01-19 00:07:41,982 ERROR Shared.py 57 user is a required argument that is missing.
2021-01-19 00:07:47,612 ERROR Shared.py 57 asdfasdf
2021-01-19 00:08:34,191 INFO Shared.py 50 Debug cog initialized.
2021-01-19 00:08:42,126 ERROR Shared.py 57 asdfasdfasdf
2021-01-19 00:25:25,126 INFO Shared.py 54 Debug cog initialized.
2021-01-19 00:26:00,805 INFO Shared.py 54 Debug cog initialized.
2021-01-19 00:26:09,969 INFO Shared.py 54 Debug cog initialized.
2021-01-19 00:26:44,468 INFO Shared.py 54 Debug cog initialized.
2021-01-19 00:27:31,924 INFO Shared.py 54 Debug cog initialized.
2021-01-19 00:29:29,534 INFO Shared.py 54 Debug cog initialized.
2021-01-19 00:29:44,151 INFO Shared.py 54 Debug cog initialized.
2021-01-19 00:37:23,163 INFO Shared.py 54 Debug cog initialized.
2021-01-19 00:37:27,363 INFO Shared.py 54 Debug cog initialized.
2021-01-19 00:37:47,458 INFO Shared.py 54 Debug cog initialized.
2021-01-19 00:38:11,104 INFO Shared.py 54 Debug cog initialized.
2021-01-19 00:39:02,969 INFO Shared.py 54 Debug cog initialized.
2021-01-19 00:40:09,510 INFO Shared.py 54 Debug cog initialized.
2021-01-19 00:40:33,429 INFO Shared.py 54 Debug cog initialized.
2021-01-19 00:41:45,577 INFO Shared.py 54 Debug cog initialized.
2021-01-19 00:49:29,792 INFO Shared.py 54 Debug cog initialized.
2021-01-19 00:49:45,223 INFO Shared.py 54 Debug cog initialized.
2021-01-19 00:50:10,381 INFO Shared.py 54 Debug cog initialized.
2021-01-19 01:01:22,692 INFO Shared.py 57 Debug cog initialized.
2021-01-19 01:01:44,076 INFO Debug.py 86 Reloaded Cogs.KeepingKarlsson.
2021-01-19 01:02:27,231 INFO Debug.py 86 Reloaded Cogs.KeepingKarlsson.
2021-01-19 01:05:36,758 INFO Shared.py 131 Debug cog initialized.
2021-01-19 01:05:37,774 INFO Shared.py 131 Debug cog initialized.
2021-01-19 01:05:42,777 INFO Shared.py 131 Debug cog initialized.
2021-01-19 01:05:44,247 INFO Shared.py 131 Debug cog initialized.
2021-01-19 01:05:48,878 INFO Shared.py 131 Debug cog initialized.
2021-01-19 01:05:49,930 INFO Shared.py 131 Debug cog initialized.
2021-01-19 01:05:54,981 INFO Shared.py 131 Debug cog initialized.
2021-01-19 01:05:55,940 INFO Shared.py 131 Debug cog initialized.
2021-01-19 01:06:00,995 INFO Shared.py 131 Debug cog initialized.
2021-01-19 01:06:02,235 INFO Shared.py 131 Debug cog initialized.
2021-01-19 01:06:07,047 INFO Shared.py 131 Debug cog initialized.
2021-01-19 01:06:08,108 INFO Shared.py 131 Debug cog initialized.
2021-01-19 01:06:13,069 INFO Shared.py 131 Debug cog initialized.
2021-01-19 01:06:14,167 INFO Shared.py 131 Debug cog initialized.
2021-01-19 01:06:19,126 INFO Shared.py 131 Debug cog initialized.
2021-01-19 01:06:20,096 INFO Shared.py 131 Debug cog initialized.
2021-01-19 01:06:25,099 INFO Shared.py 131 Debug cog initialized.
2021-01-19 01:06:26,091 INFO Shared.py 131 Debug cog initialized.
2021-01-19 01:06:31,110 INFO Shared.py 131 Debug cog initialized.
2021-01-19 01:06:32,172 INFO Shared.py 131 Debug cog initialized.
2021-01-19 01:06:37,207 INFO Shared.py 131 Debug cog initialized.
2021-01-19 01:06:38,161 INFO Shared.py 131 Debug cog initialized.
2021-01-19 01:06:43,191 INFO Shared.py 131 Debug cog initialized.
2021-01-19 01:06:44,188 INFO Shared.py 131 Debug cog initialized.
2021-01-19 01:06:49,212 INFO Shared.py 131 Debug cog initialized.
2021-01-19 01:06:50,186 INFO Shared.py 131 Debug cog initialized.
2021-01-19 01:06:55,214 INFO Shared.py 131 Debug cog initialized.
2021-01-19 01:06:56,171 INFO Shared.py 131 Debug cog initialized.
2021-01-19 01:07:01,201 INFO Shared.py 131 Debug cog initialized.
2021-01-19 01:07:02,363 INFO Shared.py 131 Debug cog initialized.
2021-01-19 01:07:07,207 INFO Shared.py 131 Debug cog initialized.
2021-01-19 01:07:08,284 INFO Shared.py 131 Debug cog initialized.
2021-01-19 01:07:13,241 INFO Shared.py 131 Debug cog initialized.
2021-01-19 01:07:14,267 INFO Shared.py 131 Debug cog initialized.
2021-01-19 01:07:19,252 INFO Shared.py 131 Debug cog initialized.
2021-01-19 01:07:20,364 INFO Shared.py 131 Debug cog initialized.
2021-01-19 01:07:25,280 INFO Shared.py 131 Debug cog initialized.
2021-01-19 01:07:59,370 INFO Shared.py 131 Debug cog initialized.
